2024-11-02 20:15:01,477 INFO [main] o.a.n.b.NotificationServiceManager Successfully loaded the following 0 services: []
2024-11-02 20:15:01,479 INFO [main] org.apache.nifi.bootstrap.RunNiFi Registered no Notification Services for Notification Type NIFI_STARTED
2024-11-02 20:15:01,479 INFO [main] org.apache.nifi.bootstrap.RunNiFi Registered no Notification Services for Notification Type NIFI_STOPPED
2024-11-02 20:15:01,479 INFO [main] org.apache.nifi.bootstrap.RunNiFi Registered no Notification Services for Notification Type NIFI_DIED
2024-11-02 20:15:01,486 INFO [main] org.apache.nifi.bootstrap.RunNiFi Runtime Java version: 11.0.25
2024-11-02 20:15:01,574 INFO [main] org.apache.nifi.bootstrap.RunNiFi {javaVersion=11.0.25, availableProcessors=12, maxOpenFileDescriptors=1048576, totalPhysicalMemoryMB=2048, minimumHeapSize=1g, maximumHeapSize=1g}
2024-11-02 20:15:01,589 INFO [main] org.apache.nifi.bootstrap.Command Starting Apache NiFi...
2024-11-02 20:15:01,589 INFO [main] org.apache.nifi.bootstrap.Command Working Directory: /opt/nifi/nifi-current
2024-11-02 20:15:01,589 INFO [main] org.apache.nifi.bootstrap.Command Command: /usr/lib/jvm/jre-11.0.25-bellsoft-x86_64/bin/java -classpath /opt/nifi/nifi-current/./conf:/opt/nifi/nifi-current/./lib/javax.servlet-api-3.1.0.jar:/opt/nifi/nifi-current/./lib/nifi-per-process-group-logging-1.28.0.jar:/opt/nifi/nifi-current/./lib/logback-classic-1.3.14.jar:/opt/nifi/nifi-current/./lib/nifi-framework-api-1.28.0.jar:/opt/nifi/nifi-current/./lib/nifi-nar-utils-1.28.0.jar:/opt/nifi/nifi-current/./lib/nifi-runtime-1.28.0.jar:/opt/nifi/nifi-current/./lib/nifi-server-api-1.28.0.jar:/opt/nifi/nifi-current/./lib/slf4j-api-2.0.16.jar:/opt/nifi/nifi-current/./lib/jetty-schemas-5.2.jar:/opt/nifi/nifi-current/./lib/nifi-properties-1.28.0.jar:/opt/nifi/nifi-current/./lib/nifi-stateless-bootstrap-1.28.0.jar:/opt/nifi/nifi-current/./lib/nifi-api-1.28.0.jar:/opt/nifi/nifi-current/./lib/jul-to-slf4j-2.0.16.jar:/opt/nifi/nifi-current/./lib/jcl-over-slf4j-2.0.16.jar:/opt/nifi/nifi-current/./lib/nifi-property-utils-1.28.0.jar:/opt/nifi/nifi-current/./lib/nifi-stateless-api-1.28.0.jar:/opt/nifi/nifi-current/./lib/log4j-over-slf4j-2.0.16.jar:/opt/nifi/nifi-current/./lib/logback-core-1.3.14.jar:/opt/nifi/nifi-current/./lib/java11/istack-commons-runtime-3.0.12.jar:/opt/nifi/nifi-current/./lib/java11/jakarta.activation-1.2.2.jar:/opt/nifi/nifi-current/./lib/java11/javax.annotation-api-1.3.2.jar:/opt/nifi/nifi-current/./lib/java11/jakarta.xml.bind-api-2.3.3.jar:/opt/nifi/nifi-current/./lib/java11/txw2-2.3.9.jar:/opt/nifi/nifi-current/./lib/java11/jaxb-runtime-2.3.9.jar:/opt/nifi/nifi-current/./lib/java11/jakarta.activation-api-1.2.2.jar -Dorg.apache.jasper.compiler.disablejsr199=true -Xmx1g -Xms1g -Dcurator-log-only-first-connection-issue-as-error-level=true -Djavax.security.auth.useSubjectCredsOnly=true -Djava.security.egd=file:/dev/urandom -Dzookeeper.admin.enableServer=false -Dsun.net.http.allowRestrictedHeaders=true -Djava.net.preferIPv4Stack=true -Djava.awt.headless=true -Djava.protocol.handler.pkgs=sun.net.www.protocol -Dnifi.properties.file.path=/opt/nifi/nifi-current/./conf/nifi.properties -Dnifi.bootstrap.listen.port=42937 -Dapp=NiFi -Dorg.apache.nifi.bootstrap.config.log.dir=/opt/nifi/nifi-current/logs org.apache.nifi.NiFi 
2024-11-02 20:15:01,711 INFO [main] org.apache.nifi.bootstrap.Command Launched Apache NiFi with Process ID 89
2024-11-02 20:15:02,043 INFO [NiFi Bootstrap Command Listener] org.apache.nifi.bootstrap.RunNiFi Apache NiFi now running and listening for Bootstrap requests on port 36063
2024-11-02 20:15:14,271 ERROR [NiFi logging handler] org.apache.nifi.StdErr Warning: Nashorn engine is planned to be removed from a future JDK release
2024-11-02 20:15:15,011 ERROR [NiFi logging handler] org.apache.nifi.StdErr Warning: Nashorn engine is planned to be removed from a future JDK release
2024-11-02 20:15:15,040 ERROR [NiFi logging handler] org.apache.nifi.StdErr Warning: Nashorn engine is planned to be removed from a future JDK release
2024-11-02 20:15:15,045 ERROR [NiFi logging handler] org.apache.nifi.StdErr Warning: Nashorn engine is planned to be removed from a future JDK release
2024-11-02 20:15:15,053 ERROR [NiFi logging handler] org.apache.nifi.StdErr Warning: Nashorn engine is planned to be removed from a future JDK release
2024-11-02 20:15:15,126 ERROR [NiFi logging handler] org.apache.nifi.StdErr Warning: Nashorn engine is planned to be removed from a future JDK release
2024-11-02 20:15:15,148 ERROR [NiFi logging handler] org.apache.nifi.StdErr Warning: Nashorn engine is planned to be removed from a future JDK release
2024-11-02 20:15:15,152 ERROR [NiFi logging handler] org.apache.nifi.StdErr Warning: Nashorn engine is planned to be removed from a future JDK release
2024-11-02 20:15:15,309 ERROR [NiFi logging handler] org.apache.nifi.StdErr Warning: Nashorn engine is planned to be removed from a future JDK release
2024-11-02 20:15:17,551 ERROR [NiFi logging handler] org.apache.nifi.StdErr WARNING: An illegal reflective access operation has occurred
2024-11-02 20:15:17,551 ERROR [NiFi logging handler] org.apache.nifi.StdErr WARNING: Illegal reflective access by jetbrains.exodus.io.FileDataWriter$Companion$setUninterruptibleMethod$1 (file:/opt/nifi/nifi-current/./work/nar/framework/nifi-framework-nar-1.28.0.nar-unpacked/NAR-INF/bundled-dependencies/xodus-environment-2.0.1.jar) to method sun.nio.ch.FileChannelImpl.setUninterruptible()
2024-11-02 20:15:17,551 ERROR [NiFi logging handler] org.apache.nifi.StdErr WARNING: Please consider reporting this to the maintainers of jetbrains.exodus.io.FileDataWriter$Companion$setUninterruptibleMethod$1
2024-11-02 20:15:17,552 ERROR [NiFi logging handler] org.apache.nifi.StdErr WARNING: Use --illegal-access=warn to enable warnings of further illegal reflective access operations
2024-11-02 20:15:17,552 ERROR [NiFi logging handler] org.apache.nifi.StdErr WARNING: All illegal access operations will be denied in a future release
2024-11-02 20:19:52,891 INFO [main] o.a.n.b.NotificationServiceManager Successfully loaded the following 0 services: []
2024-11-02 20:19:52,893 INFO [main] org.apache.nifi.bootstrap.RunNiFi Registered no Notification Services for Notification Type NIFI_STARTED
2024-11-02 20:19:52,893 INFO [main] org.apache.nifi.bootstrap.RunNiFi Registered no Notification Services for Notification Type NIFI_STOPPED
2024-11-02 20:19:52,893 INFO [main] org.apache.nifi.bootstrap.RunNiFi Registered no Notification Services for Notification Type NIFI_DIED
2024-11-02 20:19:52,907 INFO [main] org.apache.nifi.bootstrap.Command Apache NiFi has accepted the Shutdown Command and is shutting down now
2024-11-02 20:19:52,970 INFO [main] org.apache.nifi.bootstrap.Command NiFi PID [89] shutdown in progress...
2024-11-02 20:19:54,748 INFO [main] org.apache.nifi.bootstrap.RunNiFi A shutdown was initiated. Will not restart NiFi
2024-11-02 20:19:54,972 INFO [main] org.apache.nifi.bootstrap.Command NiFi PID [89] shutdown completed
2024-11-02 20:22:09,439 INFO [main] o.a.n.b.NotificationServiceManager Successfully loaded the following 0 services: []
2024-11-02 20:22:09,441 INFO [main] org.apache.nifi.bootstrap.RunNiFi Registered no Notification Services for Notification Type NIFI_STARTED
2024-11-02 20:22:09,441 INFO [main] org.apache.nifi.bootstrap.RunNiFi Registered no Notification Services for Notification Type NIFI_STOPPED
2024-11-02 20:22:09,441 INFO [main] org.apache.nifi.bootstrap.RunNiFi Registered no Notification Services for Notification Type NIFI_DIED
2024-11-02 20:22:09,446 INFO [main] org.apache.nifi.bootstrap.RunNiFi Runtime Java version: 11.0.25
2024-11-02 20:22:09,498 INFO [main] org.apache.nifi.bootstrap.RunNiFi {javaVersion=11.0.25, availableProcessors=12, maxOpenFileDescriptors=1048576, totalPhysicalMemoryMB=2048, minimumHeapSize=1g, maximumHeapSize=1g}
2024-11-02 20:22:09,504 INFO [main] org.apache.nifi.bootstrap.Command Starting Apache NiFi...
2024-11-02 20:22:09,505 INFO [main] org.apache.nifi.bootstrap.Command Working Directory: /opt/nifi/nifi-current
2024-11-02 20:22:09,505 INFO [main] org.apache.nifi.bootstrap.Command Command: /usr/lib/jvm/jre-11.0.25-bellsoft-x86_64/bin/java -classpath /opt/nifi/nifi-current/./conf:/opt/nifi/nifi-current/./lib/javax.servlet-api-3.1.0.jar:/opt/nifi/nifi-current/./lib/nifi-per-process-group-logging-1.28.0.jar:/opt/nifi/nifi-current/./lib/logback-classic-1.3.14.jar:/opt/nifi/nifi-current/./lib/nifi-framework-api-1.28.0.jar:/opt/nifi/nifi-current/./lib/nifi-nar-utils-1.28.0.jar:/opt/nifi/nifi-current/./lib/nifi-runtime-1.28.0.jar:/opt/nifi/nifi-current/./lib/nifi-server-api-1.28.0.jar:/opt/nifi/nifi-current/./lib/slf4j-api-2.0.16.jar:/opt/nifi/nifi-current/./lib/jetty-schemas-5.2.jar:/opt/nifi/nifi-current/./lib/nifi-properties-1.28.0.jar:/opt/nifi/nifi-current/./lib/nifi-stateless-bootstrap-1.28.0.jar:/opt/nifi/nifi-current/./lib/nifi-api-1.28.0.jar:/opt/nifi/nifi-current/./lib/jul-to-slf4j-2.0.16.jar:/opt/nifi/nifi-current/./lib/jcl-over-slf4j-2.0.16.jar:/opt/nifi/nifi-current/./lib/nifi-property-utils-1.28.0.jar:/opt/nifi/nifi-current/./lib/nifi-stateless-api-1.28.0.jar:/opt/nifi/nifi-current/./lib/log4j-over-slf4j-2.0.16.jar:/opt/nifi/nifi-current/./lib/logback-core-1.3.14.jar:/opt/nifi/nifi-current/./lib/java11/istack-commons-runtime-3.0.12.jar:/opt/nifi/nifi-current/./lib/java11/jakarta.activation-1.2.2.jar:/opt/nifi/nifi-current/./lib/java11/javax.annotation-api-1.3.2.jar:/opt/nifi/nifi-current/./lib/java11/jakarta.xml.bind-api-2.3.3.jar:/opt/nifi/nifi-current/./lib/java11/txw2-2.3.9.jar:/opt/nifi/nifi-current/./lib/java11/jaxb-runtime-2.3.9.jar:/opt/nifi/nifi-current/./lib/java11/jakarta.activation-api-1.2.2.jar -Dorg.apache.jasper.compiler.disablejsr199=true -Xmx1g -Xms1g -Dcurator-log-only-first-connection-issue-as-error-level=true -Djavax.security.auth.useSubjectCredsOnly=true -Djava.security.egd=file:/dev/urandom -Dzookeeper.admin.enableServer=false -Dsun.net.http.allowRestrictedHeaders=true -Djava.net.preferIPv4Stack=true -Djava.awt.headless=true -Djava.protocol.handler.pkgs=sun.net.www.protocol -Dnifi.properties.file.path=/opt/nifi/nifi-current/./conf/nifi.properties -Dnifi.bootstrap.listen.port=40235 -Dapp=NiFi -Dorg.apache.nifi.bootstrap.config.log.dir=/opt/nifi/nifi-current/logs org.apache.nifi.NiFi 
2024-11-02 20:22:09,549 INFO [main] org.apache.nifi.bootstrap.Command Launched Apache NiFi with Process ID 89
2024-11-02 20:22:09,861 INFO [NiFi Bootstrap Command Listener] org.apache.nifi.bootstrap.RunNiFi Apache NiFi now running and listening for Bootstrap requests on port 40355
2024-11-02 20:22:15,031 ERROR [NiFi logging handler] org.apache.nifi.StdErr WARNING: An illegal reflective access operation has occurred
2024-11-02 20:22:15,031 ERROR [NiFi logging handler] org.apache.nifi.StdErr WARNING: Illegal reflective access by jetbrains.exodus.io.FileDataWriter$Companion$setUninterruptibleMethod$1 (file:/opt/nifi/nifi-current/./work/nar/framework/nifi-framework-nar-1.28.0.nar-unpacked/NAR-INF/bundled-dependencies/xodus-environment-2.0.1.jar) to method sun.nio.ch.FileChannelImpl.setUninterruptible()
2024-11-02 20:22:15,032 ERROR [NiFi logging handler] org.apache.nifi.StdErr WARNING: Please consider reporting this to the maintainers of jetbrains.exodus.io.FileDataWriter$Companion$setUninterruptibleMethod$1
2024-11-02 20:22:15,032 ERROR [NiFi logging handler] org.apache.nifi.StdErr WARNING: Use --illegal-access=warn to enable warnings of further illegal reflective access operations
2024-11-02 20:22:15,032 ERROR [NiFi logging handler] org.apache.nifi.StdErr WARNING: All illegal access operations will be denied in a future release
2024-11-02 20:26:49,497 INFO [main] o.a.n.b.NotificationServiceManager Successfully loaded the following 0 services: []
2024-11-02 20:26:49,498 INFO [main] org.apache.nifi.bootstrap.RunNiFi Registered no Notification Services for Notification Type NIFI_STARTED
2024-11-02 20:26:49,499 INFO [main] org.apache.nifi.bootstrap.RunNiFi Registered no Notification Services for Notification Type NIFI_STOPPED
2024-11-02 20:26:49,499 INFO [main] org.apache.nifi.bootstrap.RunNiFi Registered no Notification Services for Notification Type NIFI_DIED
2024-11-02 20:26:49,508 INFO [main] org.apache.nifi.bootstrap.Command Apache NiFi has accepted the Shutdown Command and is shutting down now
2024-11-02 20:26:49,613 INFO [main] org.apache.nifi.bootstrap.Command NiFi PID [89] shutdown in progress...
2024-11-02 20:26:51,584 INFO [main] org.apache.nifi.bootstrap.RunNiFi A shutdown was initiated. Will not restart NiFi
2024-11-02 20:26:51,615 INFO [main] org.apache.nifi.bootstrap.Command NiFi PID [89] shutdown completed
2024-11-02 20:28:53,373 INFO [main] o.a.n.b.NotificationServiceManager Successfully loaded the following 0 services: []
2024-11-02 20:28:53,375 INFO [main] org.apache.nifi.bootstrap.RunNiFi Registered no Notification Services for Notification Type NIFI_STARTED
2024-11-02 20:28:53,375 INFO [main] org.apache.nifi.bootstrap.RunNiFi Registered no Notification Services for Notification Type NIFI_STOPPED
2024-11-02 20:28:53,375 INFO [main] org.apache.nifi.bootstrap.RunNiFi Registered no Notification Services for Notification Type NIFI_DIED
2024-11-02 20:28:53,384 INFO [main] org.apache.nifi.bootstrap.RunNiFi Runtime Java version: 11.0.25
2024-11-02 20:28:53,434 INFO [main] org.apache.nifi.bootstrap.RunNiFi {javaVersion=11.0.25, availableProcessors=12, maxOpenFileDescriptors=1048576, totalPhysicalMemoryMB=2048, minimumHeapSize=1g, maximumHeapSize=1g}
2024-11-02 20:28:53,442 INFO [main] org.apache.nifi.bootstrap.Command Starting Apache NiFi...
2024-11-02 20:28:53,443 INFO [main] org.apache.nifi.bootstrap.Command Working Directory: /opt/nifi/nifi-current
2024-11-02 20:28:53,443 INFO [main] org.apache.nifi.bootstrap.Command Command: /usr/lib/jvm/jre-11.0.25-bellsoft-x86_64/bin/java -classpath /opt/nifi/nifi-current/./conf:/opt/nifi/nifi-current/./lib/javax.servlet-api-3.1.0.jar:/opt/nifi/nifi-current/./lib/nifi-per-process-group-logging-1.28.0.jar:/opt/nifi/nifi-current/./lib/logback-classic-1.3.14.jar:/opt/nifi/nifi-current/./lib/nifi-framework-api-1.28.0.jar:/opt/nifi/nifi-current/./lib/nifi-nar-utils-1.28.0.jar:/opt/nifi/nifi-current/./lib/nifi-runtime-1.28.0.jar:/opt/nifi/nifi-current/./lib/nifi-server-api-1.28.0.jar:/opt/nifi/nifi-current/./lib/slf4j-api-2.0.16.jar:/opt/nifi/nifi-current/./lib/jetty-schemas-5.2.jar:/opt/nifi/nifi-current/./lib/nifi-properties-1.28.0.jar:/opt/nifi/nifi-current/./lib/nifi-stateless-bootstrap-1.28.0.jar:/opt/nifi/nifi-current/./lib/nifi-api-1.28.0.jar:/opt/nifi/nifi-current/./lib/jul-to-slf4j-2.0.16.jar:/opt/nifi/nifi-current/./lib/jcl-over-slf4j-2.0.16.jar:/opt/nifi/nifi-current/./lib/nifi-property-utils-1.28.0.jar:/opt/nifi/nifi-current/./lib/nifi-stateless-api-1.28.0.jar:/opt/nifi/nifi-current/./lib/log4j-over-slf4j-2.0.16.jar:/opt/nifi/nifi-current/./lib/logback-core-1.3.14.jar:/opt/nifi/nifi-current/./lib/java11/istack-commons-runtime-3.0.12.jar:/opt/nifi/nifi-current/./lib/java11/jakarta.activation-1.2.2.jar:/opt/nifi/nifi-current/./lib/java11/javax.annotation-api-1.3.2.jar:/opt/nifi/nifi-current/./lib/java11/jakarta.xml.bind-api-2.3.3.jar:/opt/nifi/nifi-current/./lib/java11/txw2-2.3.9.jar:/opt/nifi/nifi-current/./lib/java11/jaxb-runtime-2.3.9.jar:/opt/nifi/nifi-current/./lib/java11/jakarta.activation-api-1.2.2.jar -Dorg.apache.jasper.compiler.disablejsr199=true -Xmx1g -Xms1g -Dcurator-log-only-first-connection-issue-as-error-level=true -Djavax.security.auth.useSubjectCredsOnly=true -Djava.security.egd=file:/dev/urandom -Dzookeeper.admin.enableServer=false -Dsun.net.http.allowRestrictedHeaders=true -Djava.net.preferIPv4Stack=true -Djava.awt.headless=true -Djava.protocol.handler.pkgs=sun.net.www.protocol -Dnifi.properties.file.path=/opt/nifi/nifi-current/./conf/nifi.properties -Dnifi.bootstrap.listen.port=45153 -Dapp=NiFi -Dorg.apache.nifi.bootstrap.config.log.dir=/opt/nifi/nifi-current/logs org.apache.nifi.NiFi 
2024-11-02 20:28:53,536 INFO [main] org.apache.nifi.bootstrap.Command Launched Apache NiFi with Process ID 88
2024-11-02 20:28:53,936 INFO [NiFi Bootstrap Command Listener] org.apache.nifi.bootstrap.RunNiFi Apache NiFi now running and listening for Bootstrap requests on port 45575
2024-11-02 20:29:12,887 ERROR [NiFi logging handler] org.apache.nifi.StdErr Warning: Nashorn engine is planned to be removed from a future JDK release
2024-11-02 20:29:13,153 ERROR [NiFi logging handler] org.apache.nifi.StdErr Warning: Nashorn engine is planned to be removed from a future JDK release
2024-11-02 20:29:13,179 ERROR [NiFi logging handler] org.apache.nifi.StdErr Warning: Nashorn engine is planned to be removed from a future JDK release
2024-11-02 20:29:13,195 ERROR [NiFi logging handler] org.apache.nifi.StdErr Warning: Nashorn engine is planned to be removed from a future JDK release
2024-11-02 20:29:13,200 ERROR [NiFi logging handler] org.apache.nifi.StdErr Warning: Nashorn engine is planned to be removed from a future JDK release
2024-11-02 20:29:13,309 ERROR [NiFi logging handler] org.apache.nifi.StdErr Warning: Nashorn engine is planned to be removed from a future JDK release
2024-11-02 20:29:13,322 ERROR [NiFi logging handler] org.apache.nifi.StdErr Warning: Nashorn engine is planned to be removed from a future JDK release
2024-11-02 20:29:13,431 ERROR [NiFi logging handler] org.apache.nifi.StdErr Warning: Nashorn engine is planned to be removed from a future JDK release
2024-11-02 20:29:13,511 ERROR [NiFi logging handler] org.apache.nifi.StdErr Warning: Nashorn engine is planned to be removed from a future JDK release
2024-11-02 20:29:15,953 ERROR [NiFi logging handler] org.apache.nifi.StdErr WARNING: An illegal reflective access operation has occurred
2024-11-02 20:29:15,953 ERROR [NiFi logging handler] org.apache.nifi.StdErr WARNING: Illegal reflective access by jetbrains.exodus.io.FileDataWriter$Companion$setUninterruptibleMethod$1 (file:/opt/nifi/nifi-current/./work/nar/framework/nifi-framework-nar-1.28.0.nar-unpacked/NAR-INF/bundled-dependencies/xodus-environment-2.0.1.jar) to method sun.nio.ch.FileChannelImpl.setUninterruptible()
2024-11-02 20:29:15,953 ERROR [NiFi logging handler] org.apache.nifi.StdErr WARNING: Please consider reporting this to the maintainers of jetbrains.exodus.io.FileDataWriter$Companion$setUninterruptibleMethod$1
2024-11-02 20:29:15,954 ERROR [NiFi logging handler] org.apache.nifi.StdErr WARNING: Use --illegal-access=warn to enable warnings of further illegal reflective access operations
2024-11-02 20:29:15,954 ERROR [NiFi logging handler] org.apache.nifi.StdErr WARNING: All illegal access operations will be denied in a future release
2024-11-02 20:50:10,714 INFO [main] o.a.n.b.NotificationServiceManager Successfully loaded the following 0 services: []
2024-11-02 20:50:10,716 INFO [main] org.apache.nifi.bootstrap.RunNiFi Registered no Notification Services for Notification Type NIFI_STARTED
2024-11-02 20:50:10,716 INFO [main] org.apache.nifi.bootstrap.RunNiFi Registered no Notification Services for Notification Type NIFI_STOPPED
2024-11-02 20:50:10,716 INFO [main] org.apache.nifi.bootstrap.RunNiFi Registered no Notification Services for Notification Type NIFI_DIED
2024-11-02 20:50:10,732 INFO [main] org.apache.nifi.bootstrap.Command Apache NiFi has accepted the Shutdown Command and is shutting down now
2024-11-02 20:50:10,780 INFO [main] org.apache.nifi.bootstrap.Command NiFi PID [88] shutdown in progress...
2024-11-02 20:50:12,782 INFO [main] org.apache.nifi.bootstrap.Command NiFi PID [88] shutdown in progress...
2024-11-02 20:50:13,696 INFO [main] org.apache.nifi.bootstrap.RunNiFi A shutdown was initiated. Will not restart NiFi
2024-11-02 20:50:14,785 INFO [main] org.apache.nifi.bootstrap.Command NiFi PID [88] shutdown completed
2024-11-02 20:53:12,618 INFO [main] o.a.n.b.NotificationServiceManager Successfully loaded the following 0 services: []
2024-11-02 20:53:12,620 INFO [main] org.apache.nifi.bootstrap.RunNiFi Registered no Notification Services for Notification Type NIFI_STARTED
2024-11-02 20:53:12,621 INFO [main] org.apache.nifi.bootstrap.RunNiFi Registered no Notification Services for Notification Type NIFI_STOPPED
2024-11-02 20:53:12,621 INFO [main] org.apache.nifi.bootstrap.RunNiFi Registered no Notification Services for Notification Type NIFI_DIED
2024-11-02 20:53:12,630 INFO [main] org.apache.nifi.bootstrap.RunNiFi Runtime Java version: 11.0.25
2024-11-02 20:53:12,711 INFO [main] org.apache.nifi.bootstrap.RunNiFi {javaVersion=11.0.25, availableProcessors=12, maxOpenFileDescriptors=1048576, totalPhysicalMemoryMB=2048, minimumHeapSize=1g, maximumHeapSize=1g}
2024-11-02 20:53:12,720 INFO [main] org.apache.nifi.bootstrap.Command Starting Apache NiFi...
2024-11-02 20:53:12,721 INFO [main] org.apache.nifi.bootstrap.Command Working Directory: /opt/nifi/nifi-current
2024-11-02 20:53:12,721 INFO [main] org.apache.nifi.bootstrap.Command Command: /usr/lib/jvm/jre-11.0.25-bellsoft-x86_64/bin/java -classpath /opt/nifi/nifi-current/./conf:/opt/nifi/nifi-current/./lib/javax.servlet-api-3.1.0.jar:/opt/nifi/nifi-current/./lib/nifi-per-process-group-logging-1.28.0.jar:/opt/nifi/nifi-current/./lib/logback-classic-1.3.14.jar:/opt/nifi/nifi-current/./lib/nifi-framework-api-1.28.0.jar:/opt/nifi/nifi-current/./lib/nifi-nar-utils-1.28.0.jar:/opt/nifi/nifi-current/./lib/nifi-runtime-1.28.0.jar:/opt/nifi/nifi-current/./lib/nifi-server-api-1.28.0.jar:/opt/nifi/nifi-current/./lib/slf4j-api-2.0.16.jar:/opt/nifi/nifi-current/./lib/jetty-schemas-5.2.jar:/opt/nifi/nifi-current/./lib/nifi-properties-1.28.0.jar:/opt/nifi/nifi-current/./lib/nifi-stateless-bootstrap-1.28.0.jar:/opt/nifi/nifi-current/./lib/nifi-api-1.28.0.jar:/opt/nifi/nifi-current/./lib/jul-to-slf4j-2.0.16.jar:/opt/nifi/nifi-current/./lib/jcl-over-slf4j-2.0.16.jar:/opt/nifi/nifi-current/./lib/nifi-property-utils-1.28.0.jar:/opt/nifi/nifi-current/./lib/nifi-stateless-api-1.28.0.jar:/opt/nifi/nifi-current/./lib/log4j-over-slf4j-2.0.16.jar:/opt/nifi/nifi-current/./lib/logback-core-1.3.14.jar:/opt/nifi/nifi-current/./lib/java11/istack-commons-runtime-3.0.12.jar:/opt/nifi/nifi-current/./lib/java11/jakarta.activation-1.2.2.jar:/opt/nifi/nifi-current/./lib/java11/javax.annotation-api-1.3.2.jar:/opt/nifi/nifi-current/./lib/java11/jakarta.xml.bind-api-2.3.3.jar:/opt/nifi/nifi-current/./lib/java11/txw2-2.3.9.jar:/opt/nifi/nifi-current/./lib/java11/jaxb-runtime-2.3.9.jar:/opt/nifi/nifi-current/./lib/java11/jakarta.activation-api-1.2.2.jar -Dorg.apache.jasper.compiler.disablejsr199=true -Xmx1g -Xms1g -Dcurator-log-only-first-connection-issue-as-error-level=true -Djavax.security.auth.useSubjectCredsOnly=true -Djava.security.egd=file:/dev/urandom -Dzookeeper.admin.enableServer=false -Dsun.net.http.allowRestrictedHeaders=true -Djava.net.preferIPv4Stack=true -Djava.awt.headless=true -Djava.protocol.handler.pkgs=sun.net.www.protocol -Dnifi.properties.file.path=/opt/nifi/nifi-current/./conf/nifi.properties -Dnifi.bootstrap.listen.port=38999 -Dapp=NiFi -Dorg.apache.nifi.bootstrap.config.log.dir=/opt/nifi/nifi-current/logs org.apache.nifi.NiFi 
2024-11-02 20:53:12,801 INFO [main] org.apache.nifi.bootstrap.Command Launched Apache NiFi with Process ID 88
2024-11-02 20:53:13,204 INFO [NiFi Bootstrap Command Listener] org.apache.nifi.bootstrap.RunNiFi Apache NiFi now running and listening for Bootstrap requests on port 43991
2024-11-02 20:53:27,792 ERROR [NiFi logging handler] org.apache.nifi.StdErr Warning: Nashorn engine is planned to be removed from a future JDK release
2024-11-02 20:53:28,061 ERROR [NiFi logging handler] org.apache.nifi.StdErr Warning: Nashorn engine is planned to be removed from a future JDK release
2024-11-02 20:53:28,090 ERROR [NiFi logging handler] org.apache.nifi.StdErr Warning: Nashorn engine is planned to be removed from a future JDK release
2024-11-02 20:53:28,105 ERROR [NiFi logging handler] org.apache.nifi.StdErr Warning: Nashorn engine is planned to be removed from a future JDK release
2024-11-02 20:53:28,111 ERROR [NiFi logging handler] org.apache.nifi.StdErr Warning: Nashorn engine is planned to be removed from a future JDK release
2024-11-02 20:53:28,235 ERROR [NiFi logging handler] org.apache.nifi.StdErr Warning: Nashorn engine is planned to be removed from a future JDK release
2024-11-02 20:53:28,247 ERROR [NiFi logging handler] org.apache.nifi.StdErr Warning: Nashorn engine is planned to be removed from a future JDK release
2024-11-02 20:53:28,347 ERROR [NiFi logging handler] org.apache.nifi.StdErr Warning: Nashorn engine is planned to be removed from a future JDK release
2024-11-02 20:53:28,428 ERROR [NiFi logging handler] org.apache.nifi.StdErr Warning: Nashorn engine is planned to be removed from a future JDK release
2024-11-02 20:53:31,252 ERROR [NiFi logging handler] org.apache.nifi.StdErr WARNING: An illegal reflective access operation has occurred
2024-11-02 20:53:31,253 ERROR [NiFi logging handler] org.apache.nifi.StdErr WARNING: Illegal reflective access by jetbrains.exodus.io.FileDataWriter$Companion$setUninterruptibleMethod$1 (file:/opt/nifi/nifi-current/./work/nar/framework/nifi-framework-nar-1.28.0.nar-unpacked/NAR-INF/bundled-dependencies/xodus-environment-2.0.1.jar) to method sun.nio.ch.FileChannelImpl.setUninterruptible()
2024-11-02 20:53:31,253 ERROR [NiFi logging handler] org.apache.nifi.StdErr WARNING: Please consider reporting this to the maintainers of jetbrains.exodus.io.FileDataWriter$Companion$setUninterruptibleMethod$1
2024-11-02 20:53:31,253 ERROR [NiFi logging handler] org.apache.nifi.StdErr WARNING: Use --illegal-access=warn to enable warnings of further illegal reflective access operations
2024-11-02 20:53:31,253 ERROR [NiFi logging handler] org.apache.nifi.StdErr WARNING: All illegal access operations will be denied in a future release
